(---------------------------------------------------------------------)
(                                                                     )
(    ARTWORK LOG                                                      )
(                                                                     )
(    Drawing          : MICROPHONEV2_0.brd                            )
(    Software Version : unreleased                                    )
(    Date/Time        : Sun Jul 24 15:15:44 2022                      )
(                                                                     )
(---------------------------------------------------------------------)


 ---- Photoplot outline rectangle not found; using drawing extents.



Results from parameter file ...
    DEVICE-TYPE           GERBER_RS274X
    OUTPUT-UNITS          INCHES
    FILM-SIZE             2400000 1600000
    FORMAT                2.5
    ABORT-ON-ERROR        NO
    SCALE                 1
    SUPPRESS-LEAD-ZEROES  YES
    SUPPRESS-TRAIL-ZEROES NO
    SUPPRESS-EQUAL        YES
    UNDEF-APT-CONT        NO



================================================================
     PROCESSING FILM < TOP >
     TO FILE < C:/Users/richi/Desktop/Microphone v2.0/BRD/TOP.art > ...
================================================================

  FILM PARAMETERS :
  ---------------------------------------------------------
  Undefined line width                5.000 MIL
  Mirror code                         NONE
  Rotate angle                        NONE
  Offset x:                           0.000
  Offset y:                           0.000
  Plot negative                       NO
  Suppress unconnected internal pads  NO
  Draw holes only                     NO



  APERTURES USED (UNIT = IN):
  ---------------------------------------------------------
  TYPE       SIZE/NAME                   ROT   MIRROR MODE 
  ---------------------------------------------------------
  CIRCLE     0.00500                                  DARK 
  CIRCLE     0.01200                                  DARK 
  CIRCLE     0.01800                                  DARK 
  CIRCLE     0.02400                                  DARK 
  CIRCLE     0.04724                                  DARK 
  CIRCLE     0.06299                                  DARK 
  CIRCLE     0.07874                                  DARK 
  SQUARE     0.01968                     0.000 NO     DARK 
  SQUARE     0.03150                     0.000 NO     DARK 
  SQUARE     0.04724                     0.000 NO     DARK 
  SQUARE     0.06299                     0.000 NO     DARK 
  SQUARE     0.22835                     0.000 NO     DARK 
  RECTANGLE  0.02165     x 0.01181       0.000 NO     DARK 
  RECTANGLE  0.02165     x 0.01181      90.000 NO     DARK 
  RECTANGLE  0.02701     x 0.03500      90.000 NO     DARK 
  RECTANGLE  0.03150     x 0.03543       0.000 NO     DARK 
  RECTANGLE  0.05512     x 0.09842       0.000 NO     DARK 
  RECTANGLE  0.06102     x 0.02362       0.000 NO     DARK 
  RECTANGLE  0.07874     x 0.04724       0.000 NO     DARK 
  RECTANGLE  0.07874     x 0.04724      90.000 NO     DARK 
  RECTANGLE  0.09055     x 0.03150       0.000 NO     DARK 
  RECTANGLE  0.11811     x 0.08661      90.000 NO     DARK 
  OBLONG     0.02008     x 0.05000      90.000 NO     DARK 

     TOP created.


================================================================
     PROCESSING FILM < PWR >
     TO FILE < C:/Users/richi/Desktop/Microphone v2.0/BRD/PWR.art > ...
================================================================

  FILM PARAMETERS :
  ---------------------------------------------------------
  Undefined line width                5.000 MIL
  Mirror code                         NONE
  Rotate angle                        NONE
  Offset x:                           0.000
  Offset y:                           0.000
  Plot negative                       NO
  Suppress unconnected internal pads  NO
  Draw holes only                     NO



  APERTURES USED (UNIT = IN):
  ---------------------------------------------------------
  TYPE       SIZE/NAME                   ROT   MIRROR MODE 
  ---------------------------------------------------------
  CIRCLE     0.00500                                  DARK 
  CIRCLE     0.04724                                  DARK 
  CIRCLE     0.06299                                  DARK 

     PWR created.


================================================================
     PROCESSING FILM < GND >
     TO FILE < C:/Users/richi/Desktop/Microphone v2.0/BRD/GND.art > ...
================================================================

  FILM PARAMETERS :
  ---------------------------------------------------------
  Undefined line width                5.000 MIL
  Mirror code                         NONE
  Rotate angle                        NONE
  Offset x:                           0.000
  Offset y:                           0.000
  Plot negative                       NO
  Suppress unconnected internal pads  NO
  Draw holes only                     NO

    WARNING: Segment with same start and end points at
	(708.308 -641.002) will be ignored. Increasing output
	accuracy may allow segment to be generated.

    WARNING: Segment with same start and end points at
	(708.307 -727.998) will be ignored. Increasing output
	accuracy may allow segment to be generated.



  APERTURES USED (UNIT = IN):
  ---------------------------------------------------------
  TYPE       SIZE/NAME                   ROT   MIRROR MODE 
  ---------------------------------------------------------
  CIRCLE     0.00500                                  DARK 
  CIRCLE     0.04724                                  DARK 
  CIRCLE     0.06299                                  DARK 

     GND created with warnings


================================================================
     PROCESSING FILM < BOTTOM >
     TO FILE < C:/Users/richi/Desktop/Microphone v2.0/BRD/BOTTOM.art > ...
================================================================

  FILM PARAMETERS :
  ---------------------------------------------------------
  Undefined line width                5.000 MIL
  Mirror code                         NONE
  Rotate angle                        NONE
  Offset x:                           0.000
  Offset y:                           0.000
  Plot negative                       NO
  Suppress unconnected internal pads  NO
  Draw holes only                     NO



  APERTURES USED (UNIT = IN):
  ---------------------------------------------------------
  TYPE       SIZE/NAME                   ROT   MIRROR MODE 
  ---------------------------------------------------------
  CIRCLE     0.00500                                  DARK 
  CIRCLE     0.04724                                  DARK 
  CIRCLE     0.06299                                  DARK 

     BOTTOM created.


================================================================
     PROCESSING FILM < SILKSCREEN_TOP >
     TO FILE < C:/Users/richi/Desktop/Microphone v2.0/BRD/SILKSCREEN_TOP.art > ...
================================================================

  FILM PARAMETERS :
  ---------------------------------------------------------
  Undefined line width                5.000 MIL
  Mirror code                         NONE
  Rotate angle                        NONE
  Offset x:                           0.000
  Offset y:                           0.000
  Plot negative                       NO
  Suppress unconnected internal pads  NO
  Draw holes only                     NO



  APERTURES USED (UNIT = IN):
  ---------------------------------------------------------
  TYPE       SIZE/NAME                   ROT   MIRROR MODE 
  ---------------------------------------------------------
  CIRCLE     0.00394                                  DARK 
  CIRCLE     0.00500                                  DARK 
  CIRCLE     0.00591                                  DARK 

     SILKSCREEN_TOP created.


================================================================
     PROCESSING FILM < SOLDERMASK_TOP >
     TO FILE < C:/Users/richi/Desktop/Microphone v2.0/BRD/SOLDERMASK_TOP.art > ...
================================================================

  FILM PARAMETERS :
  ---------------------------------------------------------
  Undefined line width                5.000 MIL
  Mirror code                         NONE
  Rotate angle                        NONE
  Offset x:                           0.000
  Offset y:                           0.000
  Plot negative                       NO
  Suppress unconnected internal pads  NO
  Draw holes only                     NO



  APERTURES USED (UNIT = IN):
  ---------------------------------------------------------
  TYPE       SIZE/NAME                   ROT   MIRROR MODE 
  ---------------------------------------------------------
  CIRCLE     0.00500                                  DARK 
  CIRCLE     0.05118                                  DARK 
  CIRCLE     0.06693                                  DARK 
  CIRCLE     0.08268                                  DARK 
  SQUARE     0.02362                     0.000 NO     DARK 
  SQUARE     0.03543                     0.000 NO     DARK 
  SQUARE     0.05118                     0.000 NO     DARK 
  SQUARE     0.06693                     0.000 NO     DARK 
  SQUARE     0.23228                     0.000 NO     DARK 
  RECTANGLE  0.02559     x 0.01575       0.000 NO     DARK 
  RECTANGLE  0.02559     x 0.01575      90.000 NO     DARK 
  RECTANGLE  0.03095     x 0.03894      90.000 NO     DARK 
  RECTANGLE  0.03543     x 0.03937       0.000 NO     DARK 
  RECTANGLE  0.05906     x 0.10236       0.000 NO     DARK 
  RECTANGLE  0.06496     x 0.02756       0.000 NO     DARK 
  RECTANGLE  0.08268     x 0.05118       0.000 NO     DARK 
  RECTANGLE  0.08268     x 0.05118      90.000 NO     DARK 
  RECTANGLE  0.09449     x 0.03543       0.000 NO     DARK 
  RECTANGLE  0.12205     x 0.09055      90.000 NO     DARK 
  OBLONG     0.02402     x 0.05394      90.000 NO     DARK 

     SOLDERMASK_TOP created.


================================================================
     PROCESSING FILM < DRILL >
     TO FILE < C:/Users/richi/Desktop/Microphone v2.0/BRD/DRILL.art > ...
================================================================

  FILM PARAMETERS :
  ---------------------------------------------------------
  Undefined line width                0.000
  Mirror code                         NONE
  Rotate angle                        NONE
  Offset x:                           0.000
  Offset y:                           0.000
  Plot negative                       NO
  Suppress unconnected internal pads  NO
  Draw holes only                     NO

    WARNING: rectangle or unfilled shape composed 0 width line found at (-748.031 -748.031) in MIL
           ... ignored.

    WARNING: rectangle or unfilled shape having Multiple 0 width lines; all will be treated the same as the first.
           ... ignored.

    WARNING: 0 width line found at (975.000 -25.000) in MIL
           ... ignored.

    WARNING: Multiple 0 width lines; all will be treated the same as the first.
           ... ignored.

    WARNING: text composed 0 width line found at (1424.500 37.500) in MIL
           ... ignored.

    WARNING: text having Multiple 0 width lines; all will be treated the same as the first.
           ... ignored.



  APERTURES USED:  NONE
     DRILL created with warnings


------------------------------------------------------
 SUMMARY:
        TOP created.
        PWR created.
        GND created with warnings
        BOTTOM created.
        SILKSCREEN_TOP created.
        SOLDERMASK_TOP created.
        DRILL created with warnings

 ARTWORK had warnings
